<?xml version="1.0" encoding="UTF-8"?>
<!-- Generated by org.testng.reporters.JUnitXMLReporter -->
<testsuite hostname="Ivana-TOSHIBA" ignored="0" tests="1" failures="1" timestamp="2020-05-08T20:33:09 CEST" time="0.128" errors="0">
  <testcase name="logInUnregisteredUserTest" time="0.05" classname="SandboxLoginTest">
    <failure type="java.lang.NullPointerException">
      <![CDATA[java.lang.NullPointerException
at SandboxLoginTest.logInUnregisteredUserTest(SandboxLoginTest.java:24)
at java.util.ArrayList.forEach(ArrayList.java:1257)
... Removed 27 stack frames]]>
    </failure>
  </testcase> <!-- logInUnregisteredUserTest -->
</testsuite>
