<?xml version="1.0" encoding="UTF-8"?>
<testng-results skipped="0" failed="0" ignored="0" total="1" passed="1">
  <reporter-output>
  </reporter-output>
  <suite name="Default suite" duration-ms="34882" started-at="2020-05-18T20:55:52 CEST" finished-at="2020-05-18T20:56:26 CEST">
    <groups>
    </groups>
    <test name="Default test" duration-ms="34882" started-at="2020-05-18T20:55:52 CEST" finished-at="2020-05-18T20:56:26 CEST">
      <class name="ProductsTest">
        <test-method status="PASS" signature="openBrowser()[pri:0, instance:ProductsTest@59e5ddf]" name="openBrowser" is-config="true" duration-ms="8885" started-at="2020-05-18T20:55:52 CEST" finished-at="2020-05-18T20:56:00 CEST">
          <reporter-output>
          </reporter-output>
        </test-method> <!-- openBrowser -->
        <test-method status="PASS" signature="logInUser()[pri:0, instance:ProductsTest@59e5ddf]" name="logInUser" is-config="true" duration-ms="11673" started-at="2020-05-18T20:56:01 CEST" finished-at="2020-05-18T20:56:12 CEST">
          <reporter-output>
          </reporter-output>
        </test-method> <!-- logInUser -->
        <test-method status="PASS" signature="inicialization()[pri:0, instance:ProductsTest@59e5ddf]" name="inicialization" is-config="true" duration-ms="5" started-at="2020-05-18T20:56:12 CEST" finished-at="2020-05-18T20:56:12 CEST">
          <reporter-output>
          </reporter-output>
        </test-method> <!-- inicialization -->
        <test-method status="PASS" signature="increasePrice()[pri:1, instance:ProductsTest@59e5ddf]" name="increasePrice" duration-ms="9970" started-at="2020-05-18T20:56:12 CEST" finished-at="2020-05-18T20:56:22 CEST">
          <reporter-output>
          </reporter-output>
        </test-method> <!-- increasePrice -->
        <test-method status="PASS" signature="logOutUser()[pri:0, instance:ProductsTest@59e5ddf]" name="logOutUser" is-config="true" duration-ms="2752" started-at="2020-05-18T20:56:22 CEST" finished-at="2020-05-18T20:56:25 CEST">
          <reporter-output>
          </reporter-output>
        </test-method> <!-- logOutUser -->
        <test-method status="PASS" signature="closeBrowser()[pri:0, instance:ProductsTest@59e5ddf]" name="closeBrowser" is-config="true" duration-ms="1298" started-at="2020-05-18T20:56:25 CEST" finished-at="2020-05-18T20:56:26 CEST">
          <reporter-output>
          </reporter-output>
        </test-method> <!-- closeBrowser -->
      </class> <!-- ProductsTest -->
    </test> <!-- Default test -->
  </suite> <!-- Default suite -->
</testng-results>
